<?xml version="1.0" encoding="UTF-8"?>
<!-- Generated by org.testng.reporters.JUnitXMLReporter -->
<testsuite ignored="0" hostname="INDMR3KTG58FTQ" failures="0" tests="4" name="Test" time="10.631" errors="0" timestamp="2021-04-17T06:40:27 IST">
  <testcase classname="Resolve6.Search" name="pl" time="0.495"/>
  <testcase classname="Resolve6.Search" name="test" time="2.132"/>
  <testcase classname="Resolve6.Demo3" name="demo3" time="0.002"/>
  <testcase classname="Resolve6.Demo1" name="demo1" time="0.004"/>
</testsuite> <!-- Test -->
