<?xml version="1.0" encoding="UTF-8"?>
<testsuite xmlns:xsi="http://www.w3.org/2001/XMLSchema-instance" xsi:noNamespaceSchemaLocation="https://maven.apache.org/surefire/maven-surefire-plugin/xsd/surefire-test-report-3.0.xsd" version="3.0" name="TestSuite" time="11.087" tests="4" errors="0" skipped="0" failures="0">
  <properties>
[...]
</properties>
  <testcase name="pl" classname="Resolve6.Search" time="0.37">
    <system-err><![CDATA[Starting ChromeDriver 89.0.4389.23 (61b08ee2c50024bab004e48d2b1b083cdbdac579-refs/branch-heads/4389@{#294}) on port 37283
Only local connections are allowed.
Please see https://chromedriver.chromium.org/security-considerations for suggestions on keeping ChromeDriver safe.
ChromeDriver was started successfully.
[1618633481.521][WARNING]: This version of ChromeDriver has not been tested with Chrome version 90.
Apr 17, 2021 9:54:41 AM org.openqa.selenium.remote.ProtocolHandshake createSession
INFO: Detected dialect: W3C
]]></system-err>
  </testcase>
  <testcase name="test" classname="Resolve6.Search" time="2.28"/>
  <testcase name="demo3" classname="Resolve6.Demo3" time="0.003">
    <system-out><![CDATA[Demo3 Test
]]></system-out>
  </testcase>
  <testcase name="demo1" classname="Resolve6.Demo1" time="0.002">
    <system-out><![CDATA[Demo1 Test
]]></system-out>
  </testcase>
</testsuite>