<?xml version="1.0" encoding="UTF-8"?>
<testng-results ignored="0" total="4" passed="4" failed="0" skipped="0">
  <reporter-output>
  </reporter-output>
  <suite started-at="2021-04-17T11:41:55 IST" name="RegressionSuite" finished-at="2021-04-17T11:42:05 IST" duration-ms="10569">
    <groups>
    </groups>
    <test started-at="2021-04-17T11:41:55 IST" name="Test" finished-at="2021-04-17T11:42:05 IST" duration-ms="10569">
      <class name="Resolve6.Demo3">
        <test-method signature="demo3()[pri:0, instance:Resolve6.Demo3@561b6512]" started-at="2021-04-17T11:42:04 IST" name="demo3" finished-at="2021-04-17T11:42:04 IST" duration-ms="0" status="PASS">
          <reporter-output>
          </reporter-output>
        </test-method> <!-- demo3 -->
      </class> <!-- Resolve6.Demo3 -->
      <class name="Resolve6.Search">
        <test-method is-config="true" signature="BT()[pri:0, instance:Resolve6.Search@7494f96a]" started-at="2021-04-17T11:41:55 IST" name="BT" finished-at="2021-04-17T11:42:02 IST" duration-ms="7052" status="PASS">
          <reporter-output>
          </reporter-output>
        </test-method> <!-- BT -->
        <test-method signature="pl()[pri:0, instance:Resolve6.Search@7494f96a]" started-at="2021-04-17T11:42:02 IST" name="pl" finished-at="2021-04-17T11:42:02 IST" duration-ms="439" status="PASS">
          <reporter-output>
          </reporter-output>
        </test-method> <!-- pl -->
        <test-method signature="test()[pri:1, instance:Resolve6.Search@7494f96a]" started-at="2021-04-17T11:42:02 IST" name="test" finished-at="2021-04-17T11:42:04 IST" duration-ms="2100" status="PASS">
          <reporter-output>
          </reporter-output>
        </test-method> <!-- test -->
        <test-method is-config="true" signature="teardown()[pri:0, instance:Resolve6.Search@7494f96a]" started-at="2021-04-17T11:42:04 IST" name="teardown" finished-at="2021-04-17T11:42:05 IST" duration-ms="907" status="PASS">
          <reporter-output>
          </reporter-output>
        </test-method> <!-- teardown -->
      </class> <!-- Resolve6.Search -->
      <class name="Resolve6.Demo1">
        <test-method signature="demo1()[pri:0, instance:Resolve6.Demo1@2e377400]" started-at="2021-04-17T11:42:04 IST" name="demo1" finished-at="2021-04-17T11:42:04 IST" duration-ms="0" status="PASS">
          <reporter-output>
          </reporter-output>
        </test-method> <!-- demo1 -->
      </class> <!-- Resolve6.Demo1 -->
    </test> <!-- Test -->
  </suite> <!-- RegressionSuite -->
</testng-results>
