<?xml version="1.0" encoding="UTF-8"?>
<!-- Generated by org.testng.reporters.JUnitXMLReporter -->
<testsuite ignored="0" hostname="INDMR3KTG58FTQ" failures="0" tests="4" name="Test" time="8.853" errors="0" timestamp="2021-04-17T09:54:47 IST">
  <testcase classname="Resolve6.Search" name="pl" time="0.472"/>
  <testcase classname="Resolve6.Search" name="test" time="2.28"/>
  <testcase classname="Resolve6.Demo3" name="demo3" time="0.001"/>
  <testcase classname="Resolve6.Demo1" name="demo1" time="0.0"/>
</testsuite> <!-- Test -->
