<?xml version="1.0" encoding="UTF-8"?>
<!-- Generated by org.testng.reporters.JUnitXMLReporter -->
<testsuite ignored="0" hostname="INDMR3KTG58FTQ" failures="0" tests="4" name="Test" time="8.187" errors="0" timestamp="2021-04-17T17:07:33 IST">
  <testcase classname="Resolve6.Search" name="pl" time="0.212"/>
  <testcase classname="Resolve6.Search" name="test" time="2.295"/>
  <testcase classname="Resolve6.Demo3" name="demo3" time="0.0"/>
  <testcase classname="Resolve6.Demo1" name="demo1" time="0.001"/>
</testsuite> <!-- Test -->
