<?xml version="1.0" encoding="UTF-8"?>
<testng-results ignored="0" total="2" passed="2" failed="0" skipped="0">
  <reporter-output>
  </reporter-output>
  <suite started-at="2021-04-17T06:42:53 IST" name="SmokeSuite" finished-at="2021-04-17T06:42:54 IST" duration-ms="320">
    <groups>
    </groups>
    <test started-at="2021-04-17T06:42:53 IST" name="Test" finished-at="2021-04-17T06:42:54 IST" duration-ms="320">
      <class name="Resolve6.Demo3">
        <test-method signature="demo3()[pri:0, instance:Resolve6.Demo3@d21a74c]" started-at="2021-04-17T06:42:53 IST" name="demo3" finished-at="2021-04-17T06:42:53 IST" duration-ms="94" status="PASS">
          <reporter-output>
          </reporter-output>
        </test-method> <!-- demo3 -->
      </class> <!-- Resolve6.Demo3 -->
      <class name="Resolve6.Demo1">
        <test-method signature="demo1()[pri:0, instance:Resolve6.Demo1@6e509ffa]" started-at="2021-04-17T06:42:54 IST" name="demo1" finished-at="2021-04-17T06:42:54 IST" duration-ms="16" status="PASS">
          <reporter-output>
          </reporter-output>
        </test-method> <!-- demo1 -->
      </class> <!-- Resolve6.Demo1 -->
    </test> <!-- Test -->
  </suite> <!-- SmokeSuite -->
</testng-results>
